1761141847: mosquitto version 2.0.22 starting
1761141847: Config loaded from /mosquitto/config/mosquitto.conf.
1761141847: Opening ipv4 listen socket on port 1883.
1761141847: Opening ipv6 listen socket on port 1883.
1761141847: mosquitto version 2.0.22 running
1761142138: mosquitto version 2.0.22 terminating
1761142151: mosquitto version 2.0.22 starting
1761142151: Config loaded from /mosquitto/config/mosquitto.conf.
1761142151: Opening ipv4 listen socket on port 1883.
1761142151: Opening ipv6 listen socket on port 1883.
1761142151: mosquitto version 2.0.22 running
1761142256: mosquitto version 2.0.22 terminating
1761142267: mosquitto version 2.0.22 starting
1761142267: Config loaded from /mosquitto/config/mosquitto.conf.
1761142267: Opening ipv4 listen socket on port 1883.
1761142267: Opening ipv6 listen socket on port 1883.
1761142267: mosquitto version 2.0.22 running
1761142698: mosquitto version 2.0.22 terminating
1761142709: mosquitto version 2.0.22 starting
1761142709: Config loaded from /mosquitto/config/mosquitto.conf.
1761142709: Opening ipv4 listen socket on port 1883.
1761142709: Opening ipv6 listen socket on port 1883.
1761142709: mosquitto version 2.0.22 running
1761159647: mosquitto version 2.0.22 terminating
